<?xml version="1.0" encoding="UTF-8"?>
<!-- Generated by org.testng.reporters.JUnitXMLReporter -->
<testsuite hostname="katta-PC" ignored="0" name="Default test" tests="4" failures="0" timestamp="23 Sep 2019 04:41:09 GMT" time="92.047" errors="0">
  <testcase name="verifyHomePageTitleTest" time="0.051" classname="com.crm.qa.testcases.HomePageTest"/>
  <testcase name="verifyUserNameTest" time="3.362" classname="com.crm.qa.testcases.HomePageTest"/>
  <testcase name="clickOnContactsLinkTest" time="7.499" classname="com.crm.qa.testcases.HomePageTest"/>
  <testcase name="clickOnDealsLinkTest" time="6.186" classname="com.crm.qa.testcases.HomePageTest"/>
</testsuite> <!-- Default test -->
