<?xml version="1.0" encoding="UTF-8"?>
<!-- Generated by org.testng.reporters.JUnitXMLReporter -->
<testsuite hostname="katta-PC" ignored="0" name="TestNG freeCRM Application Automation Test Case" tests="4" failures="0" timestamp="23 Sep 2019 05:01:20 GMT" time="106.173" errors="0">
  <testcase name="loginPageTitleTest" time="0.118" classname="com.crm.qa.testcases.LoginPageTest"/>
  <testcase name="verifyHomePageTitleTest" time="0.059" classname="com.crm.qa.testcases.HomePageTest"/>
  <testcase name="verifyContactsLabelTest" time="0.335" classname="com.crm.qa.testcases.ContactsPageTest"/>
  <testcase name="crmImageTest" time="0.207" classname="com.crm.qa.testcases.LoginPageTest"/>
</testsuite> <!-- TestNG freeCRM Application Automation Test Case -->
